This file contains any messages produced by compilers while
running configure, to aid debugging if configure makes a mistake.

It was created by ezlib configure 1.0.1, which was
generated by GNU Autoconf 2.69.  Invocation command line was

  $ ./configure 

## --------- ##
## Platform. ##
## --------- ##

hostname = ntest-im1
uname -m = x86_64
uname -r = 2.6.32-431.29.2.el6.x86_64
uname -s = Linux
uname -v = #1 SMP Tue Sep 9 21:36:05 UTC 2014

/usr/bin/uname -p = unknown
/bin/uname -X     = unknown

/bin/arch              = x86_64
/usr/bin/arch -k       = unknown
/usr/convex/getsysinfo = unknown
/usr/bin/hostinfo      = unknown
/bin/machine           = unknown
/usr/bin/oslevel       = unknown
/bin/universe          = unknown

PATH: /usr/local/lib/erlang/erts-8.1/bin
PATH: /usr/local/lib/erlang/bin
PATH: /usr/lib64/qt-3.3/bin
PATH: /usr/local/sbin
PATH: /usr/local/bin
PATH: /sbin
PATH: /bin
PATH: /usr/sbin
PATH: /usr/bin
PATH: /usr/local/include/libmongoc-1.0
PATH: /usr/local/include/libbson-1.0
PATH: /root/bin


## ----------- ##
## Core tests. ##
## ----------- ##

configure:2033: checking for gcc
configure:2060: result: cc
configure:2289: checking for C compiler version
configure:2298: cc --version >&5
cc (GCC) 4.4.7 20120313 (Red Hat 4.4.7-17)
Copyright (C) 2010 Free Software Foundation, Inc.
This is free software; see the source for copying conditions.  There is NO
warranty; not even for MERCHANTABILITY or FITNESS FOR A PARTICULAR PURPOSE.

configure:2309: $? = 0
configure:2298: cc -v >&5
Using built-in specs.
Target: x86_64-redhat-linux
Configured with: ../configure --prefix=/usr --mandir=/usr/share/man --infodir=/usr/share/info --with-bugurl=http://bugzilla.redhat.com/bugzilla --enable-bootstrap --enable-shared --enable-threads=posix --enable-checking=release --with-system-zlib --enable-__cxa_atexit --disable-libunwind-exceptions --enable-gnu-unique-object --enable-languages=c,c++,objc,obj-c++,java,fortran,ada --enable-java-awt=gtk --disable-dssi --with-java-home=/usr/lib/jvm/java-1.5.0-gcj-1.5.0.0/jre --enable-libgcj-multifile --enable-java-maintainer-mode --with-ecj-jar=/usr/share/java/eclipse-ecj.jar --disable-libjava-multilib --with-ppl --with-cloog --with-tune=generic --with-arch_32=i686 --build=x86_64-redhat-linux
Thread model: posix
gcc version 4.4.7 20120313 (Red Hat 4.4.7-17) (GCC) 
configure:2309: $? = 0
configure:2298: cc -V >&5
cc: '-V' option must have argument
configure:2309: $? = 1
configure:2298: cc -qversion >&5
cc: unrecognized option '-qversion'
cc: no input files
configure:2309: $? = 1
configure:2329: checking whether the C compiler works
configure:2351: cc    conftest.c  >&5
configure:2355: $? = 0
configure:2403: result: yes
configure:2406: checking for C compiler default output file name
configure:2408: result: a.out
configure:2414: checking for suffix of executables
configure:2421: cc -o conftest    conftest.c  >&5
configure:2425: $? = 0
configure:2447: result: 
configure:2469: checking whether we are cross compiling
configure:2477: cc -o conftest    conftest.c  >&5
configure:2481: $? = 0
configure:2488: ./conftest
configure:2492: $? = 0
configure:2507: result: no
configure:2512: checking for suffix of object files
configure:2534: cc -c   conftest.c >&5
configure:2538: $? = 0
configure:2559: result: o
configure:2563: checking whether we are using the GNU C compiler
configure:2582: cc -c   conftest.c >&5
configure:2582: $? = 0
configure:2591: result: yes
configure:2600: checking whether cc accepts -g
configure:2620: cc -c -g  conftest.c >&5
configure:2620: $? = 0
configure:2661: result: yes
configure:2678: checking for cc option to accept ISO C89
configure:2741: cc  -c   conftest.c >&5
configure:2741: $? = 0
configure:2754: result: none needed
configure:2774: checking whether make sets $(MAKE)
configure:2796: result: yes
configure:2812: checking for an ANSI C-conforming const
configure:2878: cc -c  -Wall  conftest.c >&5
configure:2878: $? = 0
configure:2885: result: yes
configure:2900: checking how to run the C preprocessor
configure:2931: cc -E  conftest.c
configure:2931: $? = 0
configure:2945: cc -E  conftest.c
conftest.c:9:28: error: ac_nonexistent.h: No such file or directory
configure:2945: $? = 1
configure: failed program was:
| /* confdefs.h */
| #define PACKAGE_NAME "ezlib"
| #define PACKAGE_TARNAME "ezlib"
| #define PACKAGE_VERSION "1.0.1"
| #define PACKAGE_STRING "ezlib 1.0.1"
| #define PACKAGE_BUGREPORT ""
| #define PACKAGE_URL ""
| /* end confdefs.h.  */
| #include <ac_nonexistent.h>
configure:2970: result: cc -E
configure:2990: cc -E  conftest.c
configure:2990: $? = 0
configure:3004: cc -E  conftest.c
conftest.c:9:28: error: ac_nonexistent.h: No such file or directory
configure:3004: $? = 1
configure: failed program was:
| /* confdefs.h */
| #define PACKAGE_NAME "ezlib"
| #define PACKAGE_TARNAME "ezlib"
| #define PACKAGE_VERSION "1.0.1"
| #define PACKAGE_STRING "ezlib 1.0.1"
| #define PACKAGE_BUGREPORT ""
| #define PACKAGE_URL ""
| /* end confdefs.h.  */
| #include <ac_nonexistent.h>
configure:3033: checking for grep that handles long lines and -e
configure:3091: result: /bin/grep
configure:3096: checking for egrep
configure:3158: result: /bin/grep -E
configure:3163: checking for ANSI C header files
configure:3183: cc -c  -Wall  conftest.c >&5
configure:3183: $? = 0
configure:3256: cc -o conftest  -Wall   conftest.c  >&5
configure:3256: $? = 0
configure:3256: ./conftest
configure:3256: $? = 0
configure:3267: result: yes
configure:3280: checking for sys/types.h
configure:3280: cc -c  -Wall  conftest.c >&5
configure:3280: $? = 0
configure:3280: result: yes
configure:3280: checking for sys/stat.h
configure:3280: cc -c  -Wall  conftest.c >&5
configure:3280: $? = 0
configure:3280: result: yes
configure:3280: checking for stdlib.h
configure:3280: cc -c  -Wall  conftest.c >&5
configure:3280: $? = 0
configure:3280: result: yes
configure:3280: checking for string.h
configure:3280: cc -c  -Wall  conftest.c >&5
configure:3280: $? = 0
configure:3280: result: yes
configure:3280: checking for memory.h
configure:3280: cc -c  -Wall  conftest.c >&5
configure:3280: $? = 0
configure:3280: result: yes
configure:3280: checking for strings.h
configure:3280: cc -c  -Wall  conftest.c >&5
configure:3280: $? = 0
configure:3280: result: yes
configure:3280: checking for inttypes.h
configure:3280: cc -c  -Wall  conftest.c >&5
configure:3280: $? = 0
configure:3280: result: yes
configure:3280: checking for stdint.h
configure:3280: cc -c  -Wall  conftest.c >&5
configure:3280: $? = 0
configure:3280: result: yes
configure:3280: checking for unistd.h
configure:3280: cc -c  -Wall  conftest.c >&5
configure:3280: $? = 0
configure:3280: result: yes
configure:3294: checking for stdlib.h
configure:3294: result: yes
configure:3304: checking for GNU libc compatible malloc
configure:3328: cc -o conftest  -Wall   conftest.c  >&5
configure:3328: $? = 0
configure:3328: ./conftest
configure:3328: $? = 0
configure:3338: result: yes
configure:3359: checking for ANSI C header files
configure:3463: result: yes
configure:3525: checking for erl
configure:3543: found /usr/local/lib/erlang/erts-8.1/bin/erl
configure:3555: result: /usr/local/lib/erlang/erts-8.1/bin/erl
configure:3634: checking for erlc
configure:3652: found /usr/local/lib/erlang/erts-8.1/bin/erlc
configure:3664: result: /usr/local/lib/erlang/erts-8.1/bin/erlc
configure:3697: checking zlib.h usability
configure:3697: cc -c  -Wall  conftest.c >&5
configure:3697: $? = 0
configure:3697: result: yes
configure:3697: checking zlib.h presence
configure:3697: cc -E  conftest.c
configure:3697: $? = 0
configure:3697: result: yes
configure:3697: checking for zlib.h
configure:3697: result: yes
configure:3876: creating ./config.status

## ---------------------- ##
## Running config.status. ##
## ---------------------- ##

This file was extended by ezlib config.status 1.0.1, which was
generated by GNU Autoconf 2.69.  Invocation command line was

  CONFIG_FILES    = 
  CONFIG_HEADERS  = 
  CONFIG_LINKS    = 
  CONFIG_COMMANDS = 
  $ ./config.status 

on ntest-im1

config.status:728: creating vars.config

## ---------------- ##
## Cache variables. ##
## ---------------- ##

ac_cv_c_compiler_gnu=yes
ac_cv_c_const=yes
ac_cv_env_CC_set=set
ac_cv_env_CC_value=cc
ac_cv_env_CFLAGS_set=set
ac_cv_env_CFLAGS_value=
ac_cv_env_CPPFLAGS_set=set
ac_cv_env_CPPFLAGS_value=
ac_cv_env_CPP_set=
ac_cv_env_CPP_value=
ac_cv_env_ERLCFLAGS_set=
ac_cv_env_ERLCFLAGS_value=
ac_cv_env_ERLC_set=
ac_cv_env_ERLC_value=
ac_cv_env_ERL_set=
ac_cv_env_ERL_value=
ac_cv_env_LDFLAGS_set=set
ac_cv_env_LDFLAGS_value=
ac_cv_env_LIBS_set=
ac_cv_env_LIBS_value=
ac_cv_env_build_alias_set=
ac_cv_env_build_alias_value=
ac_cv_env_host_alias_set=
ac_cv_env_host_alias_value=
ac_cv_env_target_alias_set=
ac_cv_env_target_alias_value=
ac_cv_func_malloc_0_nonnull=yes
ac_cv_header_inttypes_h=yes
ac_cv_header_memory_h=yes
ac_cv_header_stdc=yes
ac_cv_header_stdint_h=yes
ac_cv_header_stdlib_h=yes
ac_cv_header_string_h=yes
ac_cv_header_strings_h=yes
ac_cv_header_sys_stat_h=yes
ac_cv_header_sys_types_h=yes
ac_cv_header_unistd_h=yes
ac_cv_header_zlib_h=yes
ac_cv_objext=o
ac_cv_path_EGREP='/bin/grep -E'
ac_cv_path_GREP=/bin/grep
ac_cv_path_ac_pt_ERL=/usr/local/lib/erlang/erts-8.1/bin/erl
ac_cv_path_ac_pt_ERLC=/usr/local/lib/erlang/erts-8.1/bin/erlc
ac_cv_prog_CPP='cc -E'
ac_cv_prog_ac_ct_CC=cc
ac_cv_prog_cc_c89=
ac_cv_prog_cc_g=yes
ac_cv_prog_make_make_set=yes

## ----------------- ##
## Output variables. ##
## ----------------- ##

CC='cc'
CFLAGS=' -Wall'
CPP='cc -E'
CPPFLAGS=''
DEFS='-DPACKAGE_NAME=\"ezlib\" -DPACKAGE_TARNAME=\"ezlib\" -DPACKAGE_VERSION=\"1.0.1\" -DPACKAGE_STRING=\"ezlib\ 1.0.1\" -DPACKAGE_BUGREPORT=\"\" -DPACKAGE_URL=\"\" -DSTDC_HEADERS=1 -DHAVE_SYS_TYPES_H=1 -DHAVE_SYS_STAT_H=1 -DHAVE_STDLIB_H=1 -DHAVE_STRING_H=1 -DHAVE_MEMORY_H=1 -DHAVE_STRINGS_H=1 -DHAVE_INTTYPES_H=1 -DHAVE_STDINT_H=1 -DHAVE_UNISTD_H=1 -DHAVE_STDLIB_H=1 -DHAVE_MALLOC=1 -DSTDC_HEADERS=1'
ECHO_C=''
ECHO_N='-n'
ECHO_T=''
EGREP='/bin/grep -E'
ERL='/usr/local/lib/erlang/erts-8.1/bin/erl'
ERLC='/usr/local/lib/erlang/erts-8.1/bin/erlc'
ERLCFLAGS=''
EXEEXT=''
GREP='/bin/grep'
LDFLAGS=''
LIBOBJS=''
LIBS=''
LTLIBOBJS=''
OBJEXT='o'
PACKAGE_BUGREPORT=''
PACKAGE_NAME='ezlib'
PACKAGE_STRING='ezlib 1.0.1'
PACKAGE_TARNAME='ezlib'
PACKAGE_URL=''
PACKAGE_VERSION='1.0.1'
PATH_SEPARATOR=':'
SET_MAKE=''
SHELL='/bin/sh'
ac_ct_CC='cc'
bindir='${exec_prefix}/bin'
build_alias=''
datadir='${datarootdir}'
datarootdir='${prefix}/share'
docdir='${datarootdir}/doc/${PACKAGE_TARNAME}'
dvidir='${docdir}'
exec_prefix='${prefix}'
gcov='false'
host_alias=''
htmldir='${docdir}'
includedir='${prefix}/include'
infodir='${datarootdir}/info'
libdir='${exec_prefix}/lib'
libexecdir='${exec_prefix}/libexec'
localedir='${datarootdir}/locale'
localstatedir='${prefix}/var'
mandir='${datarootdir}/man'
oldincludedir='/usr/include'
pdfdir='${docdir}'
prefix='/usr/local'
program_transform_name='s,x,x,'
psdir='${docdir}'
sbindir='${exec_prefix}/sbin'
sharedstatedir='${prefix}/com'
sysconfdir='${prefix}/etc'
target_alias=''

## ----------- ##
## confdefs.h. ##
## ----------- ##

/* confdefs.h */
#define PACKAGE_NAME "ezlib"
#define PACKAGE_TARNAME "ezlib"
#define PACKAGE_VERSION "1.0.1"
#define PACKAGE_STRING "ezlib 1.0.1"
#define PACKAGE_BUGREPORT ""
#define PACKAGE_URL ""
#define STDC_HEADERS 1
#define HAVE_SYS_TYPES_H 1
#define HAVE_SYS_STAT_H 1
#define HAVE_STDLIB_H 1
#define HAVE_STRING_H 1
#define HAVE_MEMORY_H 1
#define HAVE_STRINGS_H 1
#define HAVE_INTTYPES_H 1
#define HAVE_STDINT_H 1
#define HAVE_UNISTD_H 1
#define HAVE_STDLIB_H 1
#define HAVE_MALLOC 1
#define STDC_HEADERS 1

configure: exit 0
