This file contains any messages produced by compilers while
running configure, to aid debugging if configure makes a mistake.

It was created by iconv configure 1.0.0, which was
generated by GNU Autoconf 2.69.  Invocation command line was

  $ ./configure 

## --------- ##
## Platform. ##
## --------- ##

hostname = ntest-im1
uname -m = x86_64
uname -r = 2.6.32-431.29.2.el6.x86_64
uname -s = Linux
uname -v = #1 SMP Tue Sep 9 21:36:05 UTC 2014

/usr/bin/uname -p = unknown
/bin/uname -X     = unknown

/bin/arch              = x86_64
/usr/bin/arch -k       = unknown
/usr/convex/getsysinfo = unknown
/usr/bin/hostinfo      = unknown
/bin/machine           = unknown
/usr/bin/oslevel       = unknown
/bin/universe          = unknown

PATH: /usr/local/lib/erlang/erts-8.1/bin
PATH: /usr/local/lib/erlang/bin
PATH: /usr/lib64/qt-3.3/bin
PATH: /usr/local/sbin
PATH: /usr/local/bin
PATH: /sbin
PATH: /bin
PATH: /usr/sbin
PATH: /usr/bin
PATH: /usr/local/include/libmongoc-1.0
PATH: /usr/local/include/libbson-1.0
PATH: /root/bin


## ----------- ##
## Core tests. ##
## ----------- ##

configure:2163: checking for a BSD-compatible install
configure:2231: result: /usr/bin/install -c
configure:2242: checking whether build environment is sane
configure:2297: result: yes
configure:2448: checking for a thread-safe mkdir -p
configure:2487: result: /bin/mkdir -p
configure:2494: checking for gawk
configure:2510: found /bin/gawk
configure:2521: result: gawk
configure:2532: checking whether make sets $(MAKE)
configure:2554: result: yes
configure:2583: checking whether make supports nested variables
configure:2600: result: yes
configure:2776: checking for gcc
configure:2803: result: cc
configure:3032: checking for C compiler version
configure:3041: cc --version >&5
cc (GCC) 4.4.7 20120313 (Red Hat 4.4.7-17)
Copyright (C) 2010 Free Software Foundation, Inc.
This is free software; see the source for copying conditions.  There is NO
warranty; not even for MERCHANTABILITY or FITNESS FOR A PARTICULAR PURPOSE.

configure:3052: $? = 0
configure:3041: cc -v >&5
Using built-in specs.
Target: x86_64-redhat-linux
Configured with: ../configure --prefix=/usr --mandir=/usr/share/man --infodir=/usr/share/info --with-bugurl=http://bugzilla.redhat.com/bugzilla --enable-bootstrap --enable-shared --enable-threads=posix --enable-checking=release --with-system-zlib --enable-__cxa_atexit --disable-libunwind-exceptions --enable-gnu-unique-object --enable-languages=c,c++,objc,obj-c++,java,fortran,ada --enable-java-awt=gtk --disable-dssi --with-java-home=/usr/lib/jvm/java-1.5.0-gcj-1.5.0.0/jre --enable-libgcj-multifile --enable-java-maintainer-mode --with-ecj-jar=/usr/share/java/eclipse-ecj.jar --disable-libjava-multilib --with-ppl --with-cloog --with-tune=generic --with-arch_32=i686 --build=x86_64-redhat-linux
Thread model: posix
gcc version 4.4.7 20120313 (Red Hat 4.4.7-17) (GCC) 
configure:3052: $? = 0
configure:3041: cc -V >&5
cc: '-V' option must have argument
configure:3052: $? = 1
configure:3041: cc -qversion >&5
cc: unrecognized option '-qversion'
cc: no input files
configure:3052: $? = 1
configure:3072: checking whether the C compiler works
configure:3094: cc    conftest.c  >&5
configure:3098: $? = 0
configure:3146: result: yes
configure:3149: checking for C compiler default output file name
configure:3151: result: a.out
configure:3157: checking for suffix of executables
configure:3164: cc -o conftest    conftest.c  >&5
configure:3168: $? = 0
configure:3190: result: 
configure:3212: checking whether we are cross compiling
configure:3220: cc -o conftest    conftest.c  >&5
configure:3224: $? = 0
configure:3231: ./conftest
configure:3235: $? = 0
configure:3250: result: no
configure:3255: checking for suffix of object files
configure:3277: cc -c   conftest.c >&5
configure:3281: $? = 0
configure:3302: result: o
configure:3306: checking whether we are using the GNU C compiler
configure:3325: cc -c   conftest.c >&5
configure:3325: $? = 0
configure:3334: result: yes
configure:3343: checking whether cc accepts -g
configure:3363: cc -c -g  conftest.c >&5
configure:3363: $? = 0
configure:3404: result: yes
configure:3421: checking for cc option to accept ISO C89
configure:3484: cc  -c   conftest.c >&5
configure:3484: $? = 0
configure:3497: result: none needed
configure:3522: checking whether cc understands -c and -o together
configure:3544: cc -c conftest.c -o conftest2.o
configure:3547: $? = 0
configure:3544: cc -c conftest.c -o conftest2.o
configure:3547: $? = 0
configure:3559: result: yes
configure:3587: checking for style of include used by make
configure:3615: result: GNU
configure:3641: checking dependency style of cc
configure:3752: result: none
configure:3767: checking whether make sets $(MAKE)
configure:3789: result: yes
configure:3805: checking for an ANSI C-conforming const
configure:3871: cc -c  -Wall  conftest.c >&5
configure:3871: $? = 0
configure:3878: result: yes
configure:3893: checking how to run the C preprocessor
configure:3924: cc -E  conftest.c
configure:3924: $? = 0
configure:3938: cc -E  conftest.c
conftest.c:11:28: error: ac_nonexistent.h: No such file or directory
configure:3938: $? = 1
configure: failed program was:
| /* confdefs.h */
| #define PACKAGE_NAME "iconv"
| #define PACKAGE_TARNAME "iconv"
| #define PACKAGE_VERSION "1.0.0"
| #define PACKAGE_STRING "iconv 1.0.0"
| #define PACKAGE_BUGREPORT ""
| #define PACKAGE_URL ""
| #define PACKAGE "iconv"
| #define VERSION "1.0.0"
| /* end confdefs.h.  */
| #include <ac_nonexistent.h>
configure:3963: result: cc -E
configure:3983: cc -E  conftest.c
configure:3983: $? = 0
configure:3997: cc -E  conftest.c
conftest.c:11:28: error: ac_nonexistent.h: No such file or directory
configure:3997: $? = 1
configure: failed program was:
| /* confdefs.h */
| #define PACKAGE_NAME "iconv"
| #define PACKAGE_TARNAME "iconv"
| #define PACKAGE_VERSION "1.0.0"
| #define PACKAGE_STRING "iconv 1.0.0"
| #define PACKAGE_BUGREPORT ""
| #define PACKAGE_URL ""
| #define PACKAGE "iconv"
| #define VERSION "1.0.0"
| /* end confdefs.h.  */
| #include <ac_nonexistent.h>
configure:4026: checking for grep that handles long lines and -e
configure:4084: result: /bin/grep
configure:4089: checking for egrep
configure:4151: result: /bin/grep -E
configure:4156: checking for ANSI C header files
configure:4176: cc -c  -Wall  conftest.c >&5
configure:4176: $? = 0
configure:4249: cc -o conftest  -Wall   conftest.c  >&5
configure:4249: $? = 0
configure:4249: ./conftest
configure:4249: $? = 0
configure:4260: result: yes
configure:4273: checking for sys/types.h
configure:4273: cc -c  -Wall  conftest.c >&5
configure:4273: $? = 0
configure:4273: result: yes
configure:4273: checking for sys/stat.h
configure:4273: cc -c  -Wall  conftest.c >&5
configure:4273: $? = 0
configure:4273: result: yes
configure:4273: checking for stdlib.h
configure:4273: cc -c  -Wall  conftest.c >&5
configure:4273: $? = 0
configure:4273: result: yes
configure:4273: checking for string.h
configure:4273: cc -c  -Wall  conftest.c >&5
configure:4273: $? = 0
configure:4273: result: yes
configure:4273: checking for memory.h
configure:4273: cc -c  -Wall  conftest.c >&5
configure:4273: $? = 0
configure:4273: result: yes
configure:4273: checking for strings.h
configure:4273: cc -c  -Wall  conftest.c >&5
configure:4273: $? = 0
configure:4273: result: yes
configure:4273: checking for inttypes.h
configure:4273: cc -c  -Wall  conftest.c >&5
configure:4273: $? = 0
configure:4273: result: yes
configure:4273: checking for stdint.h
configure:4273: cc -c  -Wall  conftest.c >&5
configure:4273: $? = 0
configure:4273: result: yes
configure:4273: checking for unistd.h
configure:4273: cc -c  -Wall  conftest.c >&5
configure:4273: $? = 0
configure:4273: result: yes
configure:4287: checking for stdlib.h
configure:4287: result: yes
configure:4297: checking for GNU libc compatible malloc
configure:4321: cc -o conftest  -Wall   conftest.c  >&5
configure:4321: $? = 0
configure:4321: ./conftest
configure:4321: $? = 0
configure:4331: result: yes
configure:4352: checking for ANSI C header files
configure:4456: result: yes
configure:4518: checking for erl
configure:4536: found /usr/local/lib/erlang/erts-8.1/bin/erl
configure:4548: result: /usr/local/lib/erlang/erts-8.1/bin/erl
configure:4627: checking for erlc
configure:4645: found /usr/local/lib/erlang/erts-8.1/bin/erlc
configure:4657: result: /usr/local/lib/erlang/erts-8.1/bin/erlc
configure:4694: checking build system type
configure:4708: result: x86_64-pc-linux-gnu
configure:4728: checking host system type
configure:4741: result: x86_64-pc-linux-gnu
configure:4802: checking for ld used by cc
configure:4869: result: /usr/bin/ld
configure:4876: checking if the linker (/usr/bin/ld) is GNU ld
configure:4891: result: yes
configure:4898: checking for shared library run path origin
configure:4911: result: done
configure:5489: checking for iconv
configure:5513: cc -o conftest  -Wall   conftest.c  >&5
configure:5513: $? = 0
configure:5547: result: yes
configure:5550: checking for working iconv
configure:5679: cc -o conftest  -Wall   conftest.c  >&5
configure:5679: $? = 0
configure:5679: ./conftest
configure:5679: $? = 0
configure:5691: result: yes
configure:5719: checking for iconv declaration
configure:5748: cc -c  -Wall  conftest.c >&5
configure:5748: $? = 0
configure:5759: result:
         extern size_t iconv (iconv_t cd, char * *inbuf, size_t *inbytesleft, char * *outbuf, size_t *outbytesleft);
configure:5933: checking that generated files are newer than configure
configure:5939: result: done
configure:5962: creating ./config.status

## ---------------------- ##
## Running config.status. ##
## ---------------------- ##

This file was extended by iconv config.status 1.0.0, which was
generated by GNU Autoconf 2.69.  Invocation command line was

  CONFIG_FILES    = 
  CONFIG_HEADERS  = 
  CONFIG_LINKS    = 
  CONFIG_COMMANDS = 
  $ ./config.status 

on ntest-im1

config.status:792: creating vars.config
config.status:964: executing depfiles commands

## ---------------- ##
## Cache variables. ##
## ---------------- ##

ac_cv_build=x86_64-pc-linux-gnu
ac_cv_c_compiler_gnu=yes
ac_cv_c_const=yes
ac_cv_env_CC_set=set
ac_cv_env_CC_value=cc
ac_cv_env_CFLAGS_set=set
ac_cv_env_CFLAGS_value=
ac_cv_env_CPPFLAGS_set=set
ac_cv_env_CPPFLAGS_value=
ac_cv_env_CPP_set=
ac_cv_env_CPP_value=
ac_cv_env_ERLCFLAGS_set=
ac_cv_env_ERLCFLAGS_value=
ac_cv_env_ERLC_set=
ac_cv_env_ERLC_value=
ac_cv_env_ERL_set=
ac_cv_env_ERL_value=
ac_cv_env_LDFLAGS_set=set
ac_cv_env_LDFLAGS_value=
ac_cv_env_LIBS_set=
ac_cv_env_LIBS_value=
ac_cv_env_build_alias_set=
ac_cv_env_build_alias_value=
ac_cv_env_host_alias_set=
ac_cv_env_host_alias_value=
ac_cv_env_target_alias_set=
ac_cv_env_target_alias_value=
ac_cv_func_malloc_0_nonnull=yes
ac_cv_header_inttypes_h=yes
ac_cv_header_memory_h=yes
ac_cv_header_stdc=yes
ac_cv_header_stdint_h=yes
ac_cv_header_stdlib_h=yes
ac_cv_header_string_h=yes
ac_cv_header_strings_h=yes
ac_cv_header_sys_stat_h=yes
ac_cv_header_sys_types_h=yes
ac_cv_header_unistd_h=yes
ac_cv_host=x86_64-pc-linux-gnu
ac_cv_objext=o
ac_cv_path_EGREP='/bin/grep -E'
ac_cv_path_GREP=/bin/grep
ac_cv_path_ac_pt_ERL=/usr/local/lib/erlang/erts-8.1/bin/erl
ac_cv_path_ac_pt_ERLC=/usr/local/lib/erlang/erts-8.1/bin/erlc
ac_cv_path_install='/usr/bin/install -c'
ac_cv_path_mkdir=/bin/mkdir
ac_cv_prog_AWK=gawk
ac_cv_prog_CPP='cc -E'
ac_cv_prog_ac_ct_CC=cc
ac_cv_prog_cc_c89=
ac_cv_prog_cc_g=yes
ac_cv_prog_make_make_set=yes
acl_cv_hardcode_direct=no
acl_cv_hardcode_libdir_flag_spec='${wl}-rpath ${wl}$libdir'
acl_cv_hardcode_libdir_separator=
acl_cv_hardcode_minus_L=no
acl_cv_libext=a
acl_cv_libname_spec='lib$name'
acl_cv_library_names_spec='$libname$shrext'
acl_cv_path_LD=/usr/bin/ld
acl_cv_prog_gnu_ld=yes
acl_cv_rpath=done
acl_cv_shlibext=so
acl_cv_wl=-Wl,
am_cv_CC_dependencies_compiler_type=none
am_cv_func_iconv=yes
am_cv_func_iconv_works=yes
am_cv_lib_iconv=no
am_cv_make_support_nested_variables=yes
am_cv_prog_cc_c_o=yes
am_cv_proto_iconv='extern size_t iconv (iconv_t cd, char * *inbuf, size_t *inbytesleft, char * *outbuf, size_t *outbytesleft);'
am_cv_proto_iconv_arg1=

## ----------------- ##
## Output variables. ##
## ----------------- ##

ACLOCAL='${SHELL} /home/bbapp/src/ejabberd-16.09/deps/iconv/missing aclocal-1.15'
AMDEPBACKSLASH='\'
AMDEP_FALSE='#'
AMDEP_TRUE=''
AMTAR='$${TAR-tar}'
AM_BACKSLASH='\'
AM_DEFAULT_V='$(AM_DEFAULT_VERBOSITY)'
AM_DEFAULT_VERBOSITY='1'
AM_V='$(V)'
AUTOCONF='${SHELL} /home/bbapp/src/ejabberd-16.09/deps/iconv/missing autoconf'
AUTOHEADER='${SHELL} /home/bbapp/src/ejabberd-16.09/deps/iconv/missing autoheader'
AUTOMAKE='${SHELL} /home/bbapp/src/ejabberd-16.09/deps/iconv/missing automake-1.15'
AWK='gawk'
CC='cc'
CCDEPMODE='depmode=none'
CFLAGS=' -Wall'
CPP='cc -E'
CPPFLAGS=''
CYGPATH_W='echo'
DEFS='-DPACKAGE_NAME=\"iconv\" -DPACKAGE_TARNAME=\"iconv\" -DPACKAGE_VERSION=\"1.0.0\" -DPACKAGE_STRING=\"iconv\ 1.0.0\" -DPACKAGE_BUGREPORT=\"\" -DPACKAGE_URL=\"\" -DPACKAGE=\"iconv\" -DVERSION=\"1.0.0\" -DSTDC_HEADERS=1 -DHAVE_SYS_TYPES_H=1 -DHAVE_SYS_STAT_H=1 -DHAVE_STDLIB_H=1 -DHAVE_STRING_H=1 -DHAVE_MEMORY_H=1 -DHAVE_STRINGS_H=1 -DHAVE_INTTYPES_H=1 -DHAVE_STDINT_H=1 -DHAVE_UNISTD_H=1 -DHAVE_STDLIB_H=1 -DHAVE_MALLOC=1 -DSTDC_HEADERS=1 -DHAVE_ICONV=1 -DICONV_CONST='
DEPDIR='.deps'
ECHO_C=''
ECHO_N='-n'
ECHO_T=''
EGREP='/bin/grep -E'
ERL='/usr/local/lib/erlang/erts-8.1/bin/erl'
ERLC='/usr/local/lib/erlang/erts-8.1/bin/erlc'
ERLCFLAGS=''
EXEEXT=''
GREP='/bin/grep'
INSTALL_DATA='${INSTALL} -m 644'
INSTALL_PROGRAM='${INSTALL}'
INSTALL_SCRIPT='${INSTALL}'
INSTALL_STRIP_PROGRAM='$(install_sh) -c -s'
LDFLAGS=''
LIBICONV=''
LIBOBJS=''
LIBS=''
LTLIBICONV=''
LTLIBOBJS=''
MAKEINFO='${SHELL} /home/bbapp/src/ejabberd-16.09/deps/iconv/missing makeinfo'
MKDIR_P='/bin/mkdir -p'
OBJEXT='o'
PACKAGE='iconv'
PACKAGE_BUGREPORT=''
PACKAGE_NAME='iconv'
PACKAGE_STRING='iconv 1.0.0'
PACKAGE_TARNAME='iconv'
PACKAGE_URL=''
PACKAGE_VERSION='1.0.0'
PATH_SEPARATOR=':'
SET_MAKE=''
SHELL='/bin/sh'
STRIP=''
VERSION='1.0.0'
ac_ct_CC='cc'
am__EXEEXT_FALSE=''
am__EXEEXT_TRUE='#'
am__fastdepCC_FALSE=''
am__fastdepCC_TRUE='#'
am__include='include'
am__isrc=''
am__leading_dot='.'
am__nodep='_no'
am__quote=''
am__tar='$${TAR-tar} chof - "$$tardir"'
am__untar='$${TAR-tar} xf -'
bindir='${exec_prefix}/bin'
build='x86_64-pc-linux-gnu'
build_alias=''
build_cpu='x86_64'
build_os='linux-gnu'
build_vendor='pc'
datadir='${datarootdir}'
datarootdir='${prefix}/share'
docdir='${datarootdir}/doc/${PACKAGE_TARNAME}'
dvidir='${docdir}'
exec_prefix='${prefix}'
gcov='false'
host='x86_64-pc-linux-gnu'
host_alias=''
host_cpu='x86_64'
host_os='linux-gnu'
host_vendor='pc'
htmldir='${docdir}'
includedir='${prefix}/include'
infodir='${datarootdir}/info'
install_sh='${SHELL} /home/bbapp/src/ejabberd-16.09/deps/iconv/install-sh'
libdir='${exec_prefix}/lib'
libexecdir='${exec_prefix}/libexec'
localedir='${datarootdir}/locale'
localstatedir='${prefix}/var'
mandir='${datarootdir}/man'
mkdir_p='$(MKDIR_P)'
oldincludedir='/usr/include'
pdfdir='${docdir}'
prefix='/usr/local'
program_transform_name='s,x,x,'
psdir='${docdir}'
runstatedir='${localstatedir}/run'
sbindir='${exec_prefix}/sbin'
sharedstatedir='${prefix}/com'
sysconfdir='${prefix}/etc'
target_alias=''

## ----------- ##
## confdefs.h. ##
## ----------- ##

/* confdefs.h */
#define PACKAGE_NAME "iconv"
#define PACKAGE_TARNAME "iconv"
#define PACKAGE_VERSION "1.0.0"
#define PACKAGE_STRING "iconv 1.0.0"
#define PACKAGE_BUGREPORT ""
#define PACKAGE_URL ""
#define PACKAGE "iconv"
#define VERSION "1.0.0"
#define STDC_HEADERS 1
#define HAVE_SYS_TYPES_H 1
#define HAVE_SYS_STAT_H 1
#define HAVE_STDLIB_H 1
#define HAVE_STRING_H 1
#define HAVE_MEMORY_H 1
#define HAVE_STRINGS_H 1
#define HAVE_INTTYPES_H 1
#define HAVE_STDINT_H 1
#define HAVE_UNISTD_H 1
#define HAVE_STDLIB_H 1
#define HAVE_MALLOC 1
#define STDC_HEADERS 1
#define HAVE_ICONV 1
#define ICONV_CONST 

configure: exit 0
